#
# A fatal error has been detected by the Java Runtime Environment:
#
#  EXCEPTION_ACCESS_VIOLATION (0xc0000005) at pc=0x00000000685c184b, pid=188948, tid=188780
#
# JRE version: Java(TM) SE Runtime Environment (7.0_79-b15) (build 1.7.0_79-b15)
# Java VM: Java HotSpot(TM) 64-Bit Server VM (24.79-b02 mixed mode windows-amd64 compressed oops)
# Problematic frame:
# C  [fontmanager.dll+0x184b]
#
# Failed to write core dump. Minidumps are not enabled by default on client versions of Windows
#
# If you would like to submit a bug report, please visit:
#   http://bugreport.java.com/bugreport/crash.jsp
# The crash happened outside the Java Virtual Machine in native code.
# See problematic frame for where to report the bug.
#

---------------  T H R E A D  ---------------

Current thread (0x000000000989d800):  JavaThread "AWT-EventQueue-0" [_thread_in_native, id=188780, stack(0x000000000a3f0000,0x000000000a4f0000)]

siginfo: ExceptionCode=0xc0000005, writing address 0x0000000000000000

Registers:
RAX=0x0000000000000000, RBX=0x000000000a4ebd08, RCX=0x0000000000000010, RDX=0x000000000a9644c0
RSP=0x000000000a4ebb00, RBP=0x000000000a9644c0, RSI=0x000000000000004b, RDI=0x0000000002400000
R8 =0x0000000000000000, R9 =0x0000000068700000, R10=0x0000000000000000, R11=0x0000000000000200
R12=0x0000000000000000, R13=0x0000000000000000, R14=0x000000000989d9e8, R15=0x0000000000000000
RIP=0x00000000685c184b, EFLAGS=0x0000000000010246

Top of Stack: (sp=0x000000000a4ebb00)
0x000000000a4ebb00:   000000000a4ebd08 000000000000004b
0x000000000a4ebb10:   0000000000000000 00000000bd69eff0
0x000000000a4ebb20:   0000000000000000 0000000000000000
0x000000000a4ebb30:   0000000000000000 000000000a9644c0
0x000000000a4ebb40:   0000000000000001 0000000002400002
0x000000000a4ebb50:   0000000000000000 0000000000000000
0x000000000a4ebb60:   0000000009818908 000000000989d800
0x000000000a4ebb70:   0000000000000000 0000000000000000
0x000000000a4ebb80:   000000000989d800 00000000c7611190
0x000000000a4ebb90:   0000000009818908 0000000002400002
0x000000000a4ebba0:   000000000a4ebd18 00000000681a3368
0x000000000a4ebbb0:   00000000bd69eff0 000000000000000b
0x000000000a4ebbc0:   000000000000004b 000000000989d9e8
0x000000000a4ebbd0:   00000000bd69eff0 00000000685c216a
0x000000000a4ebbe0:   000000000989d9e8 0000000002336274
0x000000000a4ebbf0:   0000000002336200 0000000002400000 

Instructions: (pc=0x00000000685c184b)
0x00000000685c182b:   00 00 44 0f b6 f8 88 84 24 f0 00 00 00 48 63 c9
0x00000000685c183b:   ff 15 3f 39 02 00 45 33 c0 48 8b d5 48 8d 48 10
0x00000000685c184b:   89 38 48 8b d8 48 89 48 08 4d 8b 0e 49 8b ce 41
0x00000000685c185b:   ff 91 f0 06 00 00 48 8b f0 48 89 84 24 f8 00 00 


Register to memory mapping:

RAX=0x0000000000000000 is an unknown value
RBX=0x000000000a4ebd08 is pointing into the stack for thread: 0x000000000989d800
RCX=0x0000000000000010 is an unknown value
RDX=0x000000000a9644c0 is an unknown value
RSP=0x000000000a4ebb00 is pointing into the stack for thread: 0x000000000989d800
RBP=0x000000000a9644c0 is an unknown value
RSI=0x000000000000004b is an unknown value
RDI=0x0000000002400000 is an unknown value
R8 =0x0000000000000000 is an unknown value
R9 =0x0000000068700000 is an unknown value
R10=0x0000000000000000 is an unknown value
R11=0x0000000000000200 is an unknown value
R12=0x0000000000000000 is an unknown value
R13=0x0000000000000000 is an unknown value
R14=0x000000000989d9e8 is an unknown value
R15=0x0000000000000000 is an unknown value


Stack: [0x000000000a3f0000,0x000000000a4f0000],  sp=0x000000000a4ebb00,  free space=1006k
Native frames: (J=compiled Java code, j=interpreted, Vv=VM code, C=native code)
C  [fontmanager.dll+0x184b]

Java frames: (J=compiled Java code, j=interpreted, Vv=VM code)
j  sun.java2d.loops.DrawGlyphListLCD.DrawGlyphListLCD(Lsun/java2d/SunGraphics2D;Lsun/java2d/SurfaceData;Lsun/font/GlyphList;)V+0
j  sun.java2d.pipe.LCDTextRenderer.drawGlyphList(Lsun/java2d/SunGraphics2D;Lsun/font/GlyphList;)V+13
j  sun.java2d.pipe.GlyphListPipe.drawChars(Lsun/java2d/SunGraphics2D;[CIIII)V+167
j  sun.java2d.pipe.ValidatePipe.drawChars(Lsun/java2d/SunGraphics2D;[CIIII)V+21
j  sun.java2d.SunGraphics2D.drawChars([CIIII)V+106
j  sun.swing.SwingUtilities2.drawChars(Ljavax/swing/JComponent;Ljava/awt/Graphics;[CIIII)I+328
J 114 C2 javax.swing.text.Utilities.drawTabbedText(Ljavax/swing/text/View;Ljavax/swing/text/Segment;IILjava/awt/Graphics;Ljavax/swing/text/TabExpander;I[I)I (409 bytes) @ 0x00000000023eb2bc [0x00000000023eb140+0x17c]
j  javax.swing.text.Utilities.drawTabbedText(Ljavax/swing/text/View;Ljavax/swing/text/Segment;IILjava/awt/Graphics;Ljavax/swing/text/TabExpander;I)I+11
j  javax.swing.text.PlainView.drawSelectedText(Ljava/awt/Graphics;IIII)I+44
j  javax.swing.text.PlainView.drawElement(ILjavax/swing/text/Element;Ljava/awt/Graphics;II)I+189
j  javax.swing.text.PlainView.drawLine(ILjava/awt/Graphics;II)V+30
j  javax.swing.text.PlainView.paint(Ljava/awt/Graphics;Ljava/awt/Shape;)V+424
j  javax.swing.plaf.basic.BasicTextUI$RootView.paint(Ljava/awt/Graphics;Ljava/awt/Shape;)V+48
j  javax.swing.plaf.basic.BasicTextUI.paintSafely(Ljava/awt/Graphics;)V+65
j  javax.swing.plaf.basic.BasicTextUI.paint(Ljava/awt/Graphics;Ljavax/swing/JComponent;)V+45
j  javax.swing.plaf.basic.BasicTextUI.update(Ljava/awt/Graphics;Ljavax/swing/JComponent;)V+3
j  javax.swing.JComponent.paintComponent(Ljava/awt/Graphics;)V+26
j  javax.swing.JComponent.paint(Ljava/awt/Graphics;)V+286
j  javax.swing.JComponent.paintChildren(Ljava/awt/Graphics;)V+501
j  javax.swing.JComponent.paint(Ljava/awt/Graphics;)V+318
j  javax.swing.JComponent.paintChildren(Ljava/awt/Graphics;)V+501
j  javax.swing.JComponent.paint(Ljava/awt/Graphics;)V+318
j  javax.swing.JLayeredPane.paint(Ljava/awt/Graphics;)V+73
j  javax.swing.JComponent.paintChildren(Ljava/awt/Graphics;)V+501
j  javax.swing.JComponent.paintToOffscreen(Ljava/awt/Graphics;IIIIII)V+72
j  javax.swing.RepaintManager$PaintManager.paintDoubleBuffered(Ljavax/swing/JComponent;Ljava/awt/Image;Ljava/awt/Graphics;IIII)V+163
j  javax.swing.RepaintManager$PaintManager.paint(Ljavax/swing/JComponent;Ljavax/swing/JComponent;Ljava/awt/Graphics;IIII)Z+116
j  javax.swing.RepaintManager.paint(Ljavax/swing/JComponent;Ljavax/swing/JComponent;Ljava/awt/Graphics;IIII)V+52
j  javax.swing.JComponent.paint(Ljava/awt/Graphics;)V+221
j  java.awt.GraphicsCallback$PaintCallback.run(Ljava/awt/Component;Ljava/awt/Graphics;)V+2
j  sun.awt.SunGraphicsCallback.runOneComponent(Ljava/awt/Component;Ljava/awt/Rectangle;Ljava/awt/Graphics;Ljava/awt/Shape;I)V+155
j  sun.awt.SunGraphicsCallback.runComponents([Ljava/awt/Component;Ljava/awt/Graphics;I)V+194
j  java.awt.Container.paint(Ljava/awt/Graphics;)V+58
j  java.awt.Window.paint(Ljava/awt/Graphics;)V+68
j  javax.swing.RepaintManager$3.run()Ljava/lang/Void;+136
j  javax.swing.RepaintManager$3.run()Ljava/lang/Object;+1
v  ~StubRoutines::call_stub
j  java.security.AccessController.doPrivileged(Ljava/security/PrivilegedAction;Ljava/security/AccessControlContext;)Ljava/lang/Object;+0
j  java.security.ProtectionDomain$1.doIntersectionPrivilege(Ljava/security/PrivilegedAction;Ljava/security/AccessControlContext;Ljava/security/AccessControlContext;)Ljava/lang/Object;+28
j  javax.swing.RepaintManager.paintDirtyRegions(Ljava/util/Map;)V+154
j  javax.swing.RepaintManager.paintDirtyRegions()V+46
j  javax.swing.RepaintManager.prePaintDirtyRegions()V+73
j  javax.swing.RepaintManager.access$1100(Ljavax/swing/RepaintManager;)V+1
j  javax.swing.RepaintManager$ProcessingRunnable.run()V+37
j  java.awt.event.InvocationEvent.dispatch()V+47
j  java.awt.EventQueue.dispatchEventImpl(Ljava/awt/AWTEvent;Ljava/lang/Object;)V+21
j  java.awt.EventQueue.access$300(Ljava/awt/EventQueue;Ljava/awt/AWTEvent;Ljava/lang/Object;)V+3
j  java.awt.EventQueue$3.run()Ljava/lang/Void;+12
j  java.awt.EventQueue$3.run()Ljava/lang/Object;+1
v  ~StubRoutines::call_stub
j  java.security.AccessController.doPrivileged(Ljava/security/PrivilegedAction;Ljava/security/AccessControlContext;)Ljava/lang/Object;+0
j  java.security.ProtectionDomain$1.doIntersectionPrivilege(Ljava/security/PrivilegedAction;Ljava/security/AccessControlContext;Ljava/security/AccessControlContext;)Ljava/lang/Object;+28
j  java.awt.EventQueue.dispatchEvent(Ljava/awt/AWTEvent;)V+46
j  java.awt.EventDispatchThread.pumpOneEventForFilters(I)V+245
j  java.awt.EventDispatchThread.pumpEventsForFilter(ILjava/awt/Conditional;Ljava/awt/EventFilter;)V+35
j  java.awt.EventDispatchThread.pumpEventsForHierarchy(ILjava/awt/Conditional;Ljava/awt/Component;)V+11
j  java.awt.EventDispatchThread.pumpEvents(ILjava/awt/Conditional;)V+4
j  java.awt.EventDispatchThread.pumpEvents(Ljava/awt/Conditional;)V+3
j  java.awt.EventDispatchThread.run()V+9
v  ~StubRoutines::call_stub

---------------  P R O C E S S  ---------------

Java Threads: ( => current thread )
  0x00000000098ce000 JavaThread "TimerQueue" daemon [_thread_blocked, id=189408, stack(0x000000000d530000,0x000000000d630000)]
  0x0000000001ddd800 JavaThread "DestroyJavaVM" [_thread_blocked, id=188044, stack(0x0000000002230000,0x0000000002330000)]
  0x000000000997b800 JavaThread "Swing-Shell" daemon [_thread_blocked, id=188824, stack(0x000000000a2b0000,0x000000000a3b0000)]
=>0x000000000989d800 JavaThread "AWT-EventQueue-0" [_thread_in_native, id=188780, stack(0x000000000a3f0000,0x000000000a4f0000)]
  0x0000000009809000 JavaThread "AWT-Windows" daemon [_thread_in_native, id=189148, stack(0x0000000009bb0000,0x0000000009cb0000)]
  0x0000000007f1e800 JavaThread "AWT-Shutdown" [_thread_blocked, id=189048, stack(0x0000000009cf0000,0x0000000009df0000)]
  0x0000000007f1e000 JavaThread "Java2D Disposer" daemon [_thread_blocked, id=182340, stack(0x0000000008ca0000,0x0000000008da0000)]
  0x0000000007ecb800 JavaThread "Service Thread" daemon [_thread_blocked, id=188604, stack(0x0000000009460000,0x0000000009560000)]
  0x0000000007ec8000 JavaThread "C2 CompilerThread1" daemon [_thread_blocked, id=188496, stack(0x00000000092c0000,0x00000000093c0000)]
  0x0000000007e9c000 JavaThread "C2 CompilerThread0" daemon [_thread_blocked, id=188452, stack(0x0000000009160000,0x0000000009260000)]
  0x0000000007ebe800 JavaThread "Attach Listener" daemon [_thread_blocked, id=188492, stack(0x0000000009040000,0x0000000009140000)]
  0x0000000007ebd000 JavaThread "Signal Dispatcher" daemon [_thread_blocked, id=188504, stack(0x0000000008ee0000,0x0000000008fe0000)]
  0x0000000007e46800 JavaThread "Finalizer" daemon [_thread_blocked, id=188228, stack(0x0000000008dc0000,0x0000000008ec0000)]
  0x00000000021df000 JavaThread "Reference Handler" daemon [_thread_blocked, id=188448, stack(0x0000000008b00000,0x0000000008c00000)]

Other Threads:
  0x0000000007e42800 VMThread [stack: 0x00000000089c0000,0x0000000008ac0000] [id=189300]
  0x0000000007ed5000 WatcherThread [stack: 0x0000000009650000,0x0000000009750000] [id=188676]

VM state:not at safepoint (normal execution)

VM Mutex/Monitor currently owned by a thread: None

Heap
 PSYoungGen      total 86016K, used 25K [0x00000000eb500000, 0x00000000f2300000, 0x0000000100000000)
  eden space 69120K, 0% used [0x00000000eb500000,0x00000000eb5065f0,0x00000000ef880000)
  from space 16896K, 0% used [0x00000000f0880000,0x00000000f0880000,0x00000000f1900000)
  to   space 16384K, 0% used [0x00000000ef880000,0x00000000ef880000,0x00000000f0880000)
 ParOldGen       total 676864K, used 604237K [0x00000000c2000000, 0x00000000eb500000, 0x00000000eb500000)
  object space 676864K, 89% used [0x00000000c2000000,0x00000000e6e136e0,0x00000000eb500000)
 PSPermGen       total 26624K, used 12867K [0x00000000bce00000, 0x00000000be800000, 0x00000000c2000000)
  object space 26624K, 48% used [0x00000000bce00000,0x00000000bda90e60,0x00000000be800000)

Card table byte_map: [0x00000000053f0000,0x0000000005610000] byte_map_base: 0x0000000004e09000

Polling page: 0x0000000000110000

Code Cache  [0x0000000002330000, 0x00000000025a0000, 0x0000000005330000)
 total_blobs=568 nmethods=129 adapters=392 free_code_cache=48372Kb largest_free_block=49515328

Compilation events (10 events):
Event: 16.627 Thread 0x0000000007e9c000 nmethod 124 0x00000000023e2450 code [0x00000000023e25a0, 0x00000000023e2668]
Event: 16.627 Thread 0x0000000007e9c000  126   !         javax.swing.text.AbstractDocument::insertUpdate (117 bytes)
Event: 16.645 Thread 0x0000000007e9c000 nmethod 126 0x00000000023efe10 code [0x00000000023f0040, 0x00000000023f0800]
Event: 16.667 Thread 0x0000000007ec8000 nmethod 125 0x00000000023f4690 code [0x00000000023f4940, 0x00000000023f5a38]
Event: 16.702 Thread 0x0000000007e9c000  127             java.util.IdentityHashMap::clear (39 bytes)
Event: 16.705 Thread 0x0000000007e9c000 nmethod 127 0x00000000023efb50 code [0x00000000023efc80, 0x00000000023efd78]
Event: 16.714 Thread 0x0000000007e9c000  128             java.util.concurrent.locks.AbstractQueuedSynchronizer::release (33 bytes)
Event: 16.719 Thread 0x0000000007e9c000 nmethod 128 0x00000000023ed310 code [0x00000000023ed460, 0x00000000023ed628]
Event: 16.737 Thread 0x0000000007e9c000  129   !         javax.swing.text.AbstractDocument::insertUpdate (117 bytes)
Event: 16.755 Thread 0x0000000007e9c000 nmethod 129 0x00000000023edd50 code [0x00000000023edf80, 0x00000000023ee720]

GC Heap History (10 events):
Event: 17.481 GC heap before
{Heap before GC invocations=10 (full 2):
 PSYoungGen      total 69632K, used 36926K [0x00000000eb500000, 0x00000000f0f80000, 0x0000000100000000)
  eden space 51712K, 71% used [0x00000000eb500000,0x00000000ed907860,0x00000000ee780000)
  from space 17920K, 0% used [0x00000000ee780000,0x00000000ee788000,0x00000000ef900000)
  to   space 17408K, 0% used [0x00000000efe80000,0x00000000efe80000,0x00000000f0f80000)
 ParOldGen       total 130560K, used 92527K [0x00000000c2000000, 0x00000000c9f80000, 0x00000000eb500000)
  object space 130560K, 70% used [0x00000000c2000000,0x00000000c7a5bcf8,0x00000000c9f80000)
 PSPermGen       total 29184K, used 12867K [0x00000000bce00000, 0x00000000bea80000, 0x00000000c2000000)
  object space 29184K, 44% used [0x00000000bce00000,0x00000000bda90c40,0x00000000bea80000)
Event: 17.492 GC heap after
Heap after GC invocations=10 (full 2):
 PSYoungGen      total 75264K, used 64K [0x00000000eb500000, 0x00000000f1e80000, 0x0000000100000000)
  eden space 57856K, 0% used [0x00000000eb500000,0x00000000eb500000,0x00000000eed80000)
  from space 17408K, 0% used [0x00000000efe80000,0x00000000efe90000,0x00000000f0f80000)
  to   space 17408K, 0% used [0x00000000eed80000,0x00000000eed80000,0x00000000efe80000)
 ParOldGen       total 130560K, used 110959K [0x00000000c2000000, 0x00000000c9f80000, 0x00000000eb500000)
  object space 130560K, 84% used [0x00000000c2000000,0x00000000c8c5bd08,0x00000000c9f80000)
 PSPermGen       total 29184K, used 12867K [0x00000000bce00000, 0x00000000bea80000, 0x00000000c2000000)
  object space 29184K, 44% used [0x00000000bce00000,0x00000000bda90c40,0x00000000bea80000)
}
Event: 17.492 GC heap before
{Heap before GC invocations=11 (full 3):
 PSYoungGen      total 75264K, used 64K [0x00000000eb500000, 0x00000000f1e80000, 0x0000000100000000)
  eden space 57856K, 0% used [0x00000000eb500000,0x00000000eb500000,0x00000000eed80000)
  from space 17408K, 0% used [0x00000000efe80000,0x00000000efe90000,0x00000000f0f80000)
  to   space 17408K, 0% used [0x00000000eed80000,0x00000000eed80000,0x00000000efe80000)
 ParOldGen       total 130560K, used 110959K [0x00000000c2000000, 0x00000000c9f80000, 0x00000000eb500000)
  object space 130560K, 84% used [0x00000000c2000000,0x00000000c8c5bd08,0x00000000c9f80000)
 PSPermGen       total 29184K, used 12867K [0x00000000bce00000, 0x00000000bea80000, 0x00000000c2000000)
  object space 29184K, 44% used [0x00000000bce00000,0x00000000bda90c40,0x00000000bea80000)
Event: 17.577 GC heap after
Heap after GC invocations=11 (full 3):
 PSYoungGen      total 75264K, used 0K [0x00000000eb500000, 0x00000000f1e80000, 0x0000000100000000)
  eden space 57856K, 0% used [0x00000000eb500000,0x00000000eb500000,0x00000000eed80000)
  from space 17408K, 0% used [0x00000000efe80000,0x00000000efe80000,0x00000000f0f80000)
  to   space 17408K, 0% used [0x00000000eed80000,0x00000000eed80000,0x00000000efe80000)
 ParOldGen       total 167936K, used 96069K [0x00000000c2000000, 0x00000000cc400000, 0x00000000eb500000)
  object space 167936K, 57% used [0x00000000c2000000,0x00000000c7dd1638,0x00000000cc400000)
 PSPermGen       total 28160K, used 12867K [0x00000000bce00000, 0x00000000be980000, 0x00000000c2000000)
  object space 28160K, 45% used [0x00000000bce00000,0x00000000bda90c40,0x00000000be980000)
}
Event: 19.287 GC heap before
{Heap before GC invocations=12 (full 3):
 PSYoungGen      total 75264K, used 55547K [0x00000000eb500000, 0x00000000f1e80000, 0x0000000100000000)
  eden space 57856K, 96% used [0x00000000eb500000,0x00000000eeb3ec60,0x00000000eed80000)
  from space 17408K, 0% used [0x00000000efe80000,0x00000000efe80000,0x00000000f0f80000)
  to   space 17408K, 0% used [0x00000000eed80000,0x00000000eed80000,0x00000000efe80000)
 ParOldGen       total 676864K, used 576325K [0x00000000c2000000, 0x00000000eb500000, 0x00000000eb500000)
  object space 676864K, 85% used [0x00000000c2000000,0x00000000e52d16b8,0x00000000eb500000)
 PSPermGen       total 28160K, used 12867K [0x00000000bce00000, 0x00000000be980000, 0x00000000c2000000)
  object space 28160K, 45% used [0x00000000bce00000,0x00000000bda90c40,0x00000000be980000)
Event: 19.294 GC heap after
Heap after GC invocations=12 (full 3):
 PSYoungGen      total 75264K, used 32K [0x00000000eb500000, 0x00000000f1900000, 0x0000000100000000)
  eden space 57856K, 0% used [0x00000000eb500000,0x00000000eb500000,0x00000000eed80000)
  from space 17408K, 0% used [0x00000000eed80000,0x00000000eed88000,0x00000000efe80000)
  to   space 16896K, 0% used [0x00000000f0880000,0x00000000f0880000,0x00000000f1900000)
 ParOldGen       total 676864K, used 576325K [0x00000000c2000000, 0x00000000eb500000, 0x00000000eb500000)
  object space 676864K, 85% used [0x00000000c2000000,0x00000000e52d16b8,0x00000000eb500000)
 PSPermGen       total 28160K, used 12867K [0x00000000bce00000, 0x00000000be980000, 0x00000000c2000000)
  object space 28160K, 45% used [0x00000000bce00000,0x00000000bda90c40,0x00000000be980000)
}
Event: 19.294 GC heap before
{Heap before GC invocations=13 (full 3):
 PSYoungGen      total 75264K, used 32K [0x00000000eb500000, 0x00000000f1900000, 0x0000000100000000)
  eden space 57856K, 0% used [0x00000000eb500000,0x00000000eb500000,0x00000000eed80000)
  from space 17408K, 0% used [0x00000000eed80000,0x00000000eed88000,0x00000000efe80000)
  to   space 16896K, 0% used [0x00000000f0880000,0x00000000f0880000,0x00000000f1900000)
 ParOldGen       total 676864K, used 576325K [0x00000000c2000000, 0x00000000eb500000, 0x00000000eb500000)
  object space 676864K, 85% used [0x00000000c2000000,0x00000000e52d16b8,0x00000000eb500000)
 PSPermGen       total 28160K, used 12867K [0x00000000bce00000, 0x00000000be980000, 0x00000000c2000000)
  object space 28160K, 45% used [0x00000000bce00000,0x00000000bda90c40,0x00000000be980000)
Event: 19.301 GC heap after
Heap after GC invocations=13 (full 3):
 PSYoungGen      total 86016K, used 32K [0x00000000eb500000, 0x00000000f2300000, 0x0000000100000000)
  eden space 69120K, 0% used [0x00000000eb500000,0x00000000eb500000,0x00000000ef880000)
  from space 16896K, 0% used [0x00000000f0880000,0x00000000f0888000,0x00000000f1900000)
  to   space 16384K, 0% used [0x00000000ef880000,0x00000000ef880000,0x00000000f0880000)
 ParOldGen       total 676864K, used 576325K [0x00000000c2000000, 0x00000000eb500000, 0x00000000eb500000)
  object space 676864K, 85% used [0x00000000c2000000,0x00000000e52d16b8,0x00000000eb500000)
 PSPermGen       total 28160K, used 12867K [0x00000000bce00000, 0x00000000be980000, 0x00000000c2000000)
  object space 28160K, 45% used [0x00000000bce00000,0x00000000bda90c40,0x00000000be980000)
}
Event: 19.301 GC heap before
{Heap before GC invocations=14 (full 4):
 PSYoungGen      total 86016K, used 32K [0x00000000eb500000, 0x00000000f2300000, 0x0000000100000000)
  eden space 69120K, 0% used [0x00000000eb500000,0x00000000eb500000,0x00000000ef880000)
  from space 16896K, 0% used [0x00000000f0880000,0x00000000f0888000,0x00000000f1900000)
  to   space 16384K, 0% used [0x00000000ef880000,0x00000000ef880000,0x00000000f0880000)
 ParOldGen       total 676864K, used 576325K [0x00000000c2000000, 0x00000000eb500000, 0x00000000eb500000)
  object space 676864K, 85% used [0x00000000c2000000,0x00000000e52d16b8,0x00000000eb500000)
 PSPermGen       total 28160K, used 12867K [0x00000000bce00000, 0x00000000be980000, 0x00000000c2000000)
  object space 28160K, 45% used [0x00000000bce00000,0x00000000bda90c40,0x00000000be980000)
Event: 19.436 GC heap after
Heap after GC invocations=14 (full 4):
 PSYoungGen      total 86016K, used 0K [0x00000000eb500000, 0x00000000f2300000, 0x0000000100000000)
  eden space 69120K, 0% used [0x00000000eb500000,0x00000000eb500000,0x00000000ef880000)
  from space 16896K, 0% used [0x00000000f0880000,0x00000000f0880000,0x00000000f1900000)
  to   space 16384K, 0% used [0x00000000ef880000,0x00000000ef880000,0x00000000f0880000)
 ParOldGen       total 388608K, used 309325K [0x00000000c2000000, 0x00000000d9b80000, 0x00000000eb500000)
  object space 388608K, 79% used [0x00000000c2000000,0x00000000d4e136d0,0x00000000d9b80000)
 PSPermGen       total 26624K, used 12867K [0x00000000bce00000, 0x00000000be800000, 0x00000000c2000000)
  object space 26624K, 48% used [0x00000000bce00000,0x00000000bda90c40,0x00000000be800000)
}

Deoptimization events (9 events):
Event: 0.617 Thread 0x0000000001ddd800 Uncommon trap: reason=class_check action=maybe_recompile pc=0x000000000239fc58 method=java.lang.String.equals(Ljava/lang/Object;)Z @ 8
Event: 0.618 Thread 0x0000000001ddd800 Uncommon trap: reason=class_check action=maybe_recompile pc=0x000000000239fc58 method=java.lang.String.equals(Ljava/lang/Object;)Z @ 8
Event: 0.618 Thread 0x0000000001ddd800 Uncommon trap: reason=class_check action=maybe_recompile pc=0x000000000239fc58 method=java.lang.String.equals(Ljava/lang/Object;)Z @ 8
Event: 0.618 Thread 0x0000000001ddd800 Uncommon trap: reason=class_check action=maybe_recompile pc=0x000000000239fc58 method=java.lang.String.equals(Ljava/lang/Object;)Z @ 8
Event: 1.244 Thread 0x0000000001ddd800 Uncommon trap: reason=unreached action=reinterpret pc=0x00000000023ba344 method=java.util.HashMap.put(Ljava/lang/Object;Ljava/lang/Object;)Ljava/lang/Object; @ 19
Event: 1.663 Thread 0x0000000001ddd800 Uncommon trap: reason=predicate action=maybe_recompile pc=0x00000000023a16a0 method=java.util.ArrayList.indexOf(Ljava/lang/Object;)I @ 44
Event: 1.948 Thread 0x000000000989d800 Uncommon trap: reason=unreached action=reinterpret pc=0x00000000023b3564 method=java.lang.ThreadLocal.get()Ljava/lang/Object; @ 11
Event: 1.963 Thread 0x000000000989d800 Uncommon trap: reason=unreached action=reinterpret pc=0x00000000023b316c method=java.lang.ThreadLocal$ThreadLocalMap.getEntry(Ljava/lang/ThreadLocal;)Ljava/lang/ThreadLocal$ThreadLocalMap$Entry; @ 21
Event: 16.700 Thread 0x000000000989d800 Uncommon trap: reason=null_check action=make_not_entrant pc=0x00000000023f06e0 method=java.lang.Boolean.equals(Ljava/lang/Object;)Z @ 1

Internal exceptions (10 events):
Event: 1.562 Thread 0x0000000001ddd800 Threw 0x00000000ec3208b0 at C:\re\jdk7u79\2331\hotspot\src\share\vm\prims\jvm.cpp:1304
Event: 1.840 Thread 0x0000000001ddd800 Threw 0x00000000ec4709f0 at C:\re\jdk7u79\2331\hotspot\src\share\vm\prims\jvm.cpp:1304
Event: 1.851 Thread 0x0000000001ddd800 Threw 0x00000000ec477f88 at C:\re\jdk7u79\2331\hotspot\src\share\vm\prims\jvm.cpp:1304
Event: 1.870 Thread 0x0000000001ddd800 Threw 0x00000000ec47e150 at C:\re\jdk7u79\2331\hotspot\src\share\vm\prims\jvm.cpp:1304
Event: 1.870 Thread 0x0000000001ddd800 Threw 0x00000000ec47eb98 at C:\re\jdk7u79\2331\hotspot\src\share\vm\prims\jvm.cpp:1304
Event: 1.872 Thread 0x0000000001ddd800 Threw 0x00000000ec481e38 at C:\re\jdk7u79\2331\hotspot\src\share\vm\prims\jvm.cpp:1304
Event: 1.873 Thread 0x0000000001ddd800 Threw 0x00000000ec482880 at C:\re\jdk7u79\2331\hotspot\src\share\vm\prims\jvm.cpp:1304
Event: 1.948 Thread 0x000000000989d800 Implicit null exception at 0x00000000023b34ca to 0x00000000023b3551
Event: 1.963 Thread 0x000000000989d800 Implicit null exception at 0x00000000023b30d0 to 0x00000000023b3151
Event: 16.700 Thread 0x000000000989d800 Implicit null exception at 0x00000000023f0298 to 0x00000000023f06d4

Events (10 events):
Event: 17.188 Executing VM operation: ParallelGCFailedAllocation
Event: 17.244 Executing VM operation: ParallelGCFailedAllocation done
Event: 17.301 Executing VM operation: ParallelGCFailedAllocation
Event: 17.308 Executing VM operation: ParallelGCFailedAllocation done
Event: 17.427 Executing VM operation: ParallelGCFailedAllocation
Event: 17.429 Executing VM operation: ParallelGCFailedAllocation done
Event: 17.480 Executing VM operation: ParallelGCFailedAllocation
Event: 17.577 Executing VM operation: ParallelGCFailedAllocation done
Event: 19.287 Executing VM operation: ParallelGCFailedAllocation
Event: 19.437 Executing VM operation: ParallelGCFailedAllocation done


Dynamic libraries:
0x000000013ff70000 - 0x000000013ffa3000 	C:\Program Files\Java\jre7\bin\javaw.exe
0x00000000777f0000 - 0x0000000077998000 	C:\windows\SYSTEM32\ntdll.dll
0x0000000077490000 - 0x00000000775af000 	C:\windows\system32\kernel32.dll
0x000007fefd720000 - 0x000007fefd78c000 	C:\windows\system32\KERNELBASE.dll
0x000007fefd860000 - 0x000007fefd93b000 	C:\windows\system32\ADVAPI32.dll
0x000007fefe3a0000 - 0x000007fefe43f000 	C:\windows\system32\msvcrt.dll
0x000007fefd940000 - 0x000007fefd95f000 	C:\windows\SYSTEM32\sechost.dll
0x000007feff4d0000 - 0x000007feff5fd000 	C:\windows\system32\RPCRT4.dll
0x00000000775b0000 - 0x00000000776aa000 	C:\windows\system32\USER32.dll
0x000007fefe000000 - 0x000007fefe067000 	C:\windows\system32\GDI32.dll
0x000007feffaf0000 - 0x000007feffafe000 	C:\windows\system32\LPK.dll
0x000007fefe070000 - 0x000007fefe139000 	C:\windows\system32\USP10.dll
0x000007fefbb20000 - 0x000007fefbd14000 	C:\windows\WinSxS\amd64_microsoft.windows.common-controls_6595b64144ccf1df_6.0.7601.18837_none_fa3b1e3d17594757\COMCTL32.dll
0x000007fefd7e0000 - 0x000007fefd851000 	C:\windows\system32\SHLWAPI.dll
0x000007fefe440000 - 0x000007fefe46e000 	C:\windows\system32\IMM32.DLL
0x000007feff600000 - 0x000007feff709000 	C:\windows\system32\MSCTF.dll
0x000007fefd2c0000 - 0x000007fefd2ef000 	C:\Windows\system32\nvinitx.dll
0x000000000f000000 - 0x000000000f006000 	C:\Program Files\NVIDIA Corporation\CoProcManager\_etoured.dll
0x000007fef9fd0000 - 0x000007fefa02f000 	C:\Program Files\NVIDIA Corporation\CoProcManager\nvd3d9wrapx.dll
0x000007fefe1c0000 - 0x000007fefe397000 	C:\windows\system32\SETUPAPI.dll
0x000007fefd6e0000 - 0x000007fefd716000 	C:\windows\system32\CFGMGR32.dll
0x000007feff760000 - 0x000007feff837000 	C:\windows\system32\OLEAUT32.dll
0x000007feff2c0000 - 0x000007feff4c3000 	C:\windows\system32\ole32.dll
0x000007fefd7b0000 - 0x000007fefd7ca000 	C:\windows\system32\DEVOBJ.dll
0x000007fef9f80000 - 0x000007fef9fc6000 	C:\Program Files\NVIDIA Corporation\CoProcManager\nvdxgiwrapx.dll
0x0000000068700000 - 0x00000000687d2000 	C:\Program Files\Java\jre7\bin\msvcr100.dll
0x0000000065e40000 - 0x0000000066615000 	C:\Program Files\Java\jre7\bin\server\jvm.dll
0x000007fef7290000 - 0x000007fef7299000 	C:\windows\system32\WSOCK32.dll
0x000007feff710000 - 0x000007feff75d000 	C:\windows\system32\WS2_32.dll
0x000007fefdcc0000 - 0x000007fefdcc8000 	C:\windows\system32\NSI.dll
0x000007fefd3a0000 - 0x000007fefd3db000 	C:\windows\system32\WINMM.dll
0x00000000779c0000 - 0x00000000779c7000 	C:\windows\system32\PSAPI.DLL
0x00000000690c0000 - 0x00000000690cf000 	C:\Program Files\Java\jre7\bin\verify.dll
0x0000000069090000 - 0x00000000690b8000 	C:\Program Files\Java\jre7\bin\java.dll
0x0000000069070000 - 0x0000000069085000 	C:\Program Files\Java\jre7\bin\zip.dll
0x0000000068060000 - 0x00000000681f5000 	C:\Program Files\Java\jre7\bin\awt.dll
0x000007fefd4c0000 - 0x000007fefd4d8000 	C:\windows\system32\DWMAPI.DLL
0x000007fefba70000 - 0x000007fefbac6000 	C:\windows\system32\uxtheme.dll
0x000007fefd1f0000 - 0x000007fefd1ff000 	C:\windows\system32\CRYPTBASE.dll
0x000007fefe470000 - 0x000007feff1f8000 	C:\windows\system32\SHELL32.dll
0x00000000685c0000 - 0x0000000068607000 	C:\Program Files\Java\jre7\bin\fontmanager.dll
0x0000000069050000 - 0x000000006906a000 	C:\Program Files\Java\jre7\bin\net.dll
0x000007fefcb30000 - 0x000007fefcb85000 	C:\windows\system32\mswsock.dll
0x000007fefcb20000 - 0x000007fefcb27000 	C:\windows\System32\wship6.dll
0x0000000069030000 - 0x0000000069041000 	C:\Program Files\Java\jre7\bin\nio.dll
0x000007fef4360000 - 0x000007fef4400000 	C:\windows\WinSxS\amd64_microsoft.windows.common-controls_6595b64144ccf1df_5.82.7601.18837_none_a4d981ff711297b6\comctl32.dll
0x000007fefde60000 - 0x000007fefdef9000 	C:\windows\system32\CLBCatQ.DLL
0x000007fefc040000 - 0x000007fefc16c000 	C:\windows\system32\propsys.dll
0x000007fefc270000 - 0x000007fefc29d000 	C:\windows\system32\ntmarta.dll
0x000007feffa90000 - 0x000007feffae2000 	C:\windows\system32\WLDAP32.dll
0x000007fefd190000 - 0x000007fefd1e7000 	C:\windows\system32\apphelp.dll
0x000007fef20b0000 - 0x000007fef224c000 	C:\windows\system32\NetworkExplorer.dll
0x000007fef6df0000 - 0x000007fef6e24000 	C:\windows\System32\shdocvw.dll
0x000007fefd390000 - 0x000007fefd39f000 	C:\windows\system32\profapi.dll
0x000007fefae70000 - 0x000007fefae7b000 	C:\windows\system32\slc.dll
0x000007fefb500000 - 0x000007fefb661000 	C:\windows\system32\WindowsCodecs.dll
0x000007fef78c0000 - 0x000007fef78fa000 	D:\rublish\360\360Safe\safemon\360UDiskGuard64.dll
0x000007fefc440000 - 0x000007fefc44c000 	C:\windows\system32\VERSION.dll
0x000007fef7880000 - 0x000007fef78b5000 	C:\windows\system32\EhStorShell.dll
0x000007fef7800000 - 0x000007fef787e000 	C:\windows\System32\cscui.dll
0x000007fef77f0000 - 0x000007fef77fc000 	C:\windows\System32\CSCDLL.dll
0x000007fef77e0000 - 0x000007fef77ef000 	C:\windows\system32\CSCAPI.dll
0x000007fef7760000 - 0x000007fef77e0000 	C:\windows\system32\ntshrui.dll
0x000007fefd090000 - 0x000007fefd0b3000 	C:\windows\system32\srvcli.dll
0x0000000068610000 - 0x0000000068651000 	C:\Program Files\Java\jre7\bin\t2k.dll
0x000007fefa540000 - 0x000007fefa558000 	C:\windows\system32\MPR.dll
0x000007fefbaf0000 - 0x000007fefbafa000 	C:\windows\System32\drprov.dll
0x000007fefc710000 - 0x000007fefc74d000 	C:\windows\System32\WINSTA.dll
0x000007fef72a0000 - 0x000007fef72c2000 	C:\windows\System32\ntlanman.dll
0x000007fefabf0000 - 0x000007fefac0d000 	C:\windows\System32\davclnt.dll
0x000007fefc020000 - 0x000007fefc02a000 	C:\windows\System32\DAVHLPR.dll
0x000007fefb3a0000 - 0x000007fefb3b5000 	C:\windows\system32\wkscli.dll
0x000007fefb3c0000 - 0x000007fefb3cc000 	C:\windows\system32\netutils.dll
0x000007feefd90000 - 0x000007fef0001000 	C:\windows\system32\wpdshext.dll
0x000007fefb850000 - 0x000007fefba66000 	C:\windows\WinSxS\amd64_microsoft.windows.gdiplus_6595b64144ccf1df_1.1.7601.18834_none_2b26557a71eb7442\gdiplus.dll
0x000007fefb0a0000 - 0x000007fefb15d000 	C:\windows\system32\PortableDeviceApi.dll
0x000007fefd670000 - 0x000007fefd6ab000 	C:\windows\system32\WINTRUST.dll
0x000007fefd4e0000 - 0x000007fefd64d000 	C:\windows\system32\CRYPT32.dll
0x000007fefd380000 - 0x000007fefd38f000 	C:\windows\system32\MSASN1.dll
0x000007fef6110000 - 0x000007fef6137000 	C:\windows\system32\EhStorAPI.dll
0x000007fef6de0000 - 0x000007fef6dec000 	C:\windows\system32\LINKINFO.dll
0x000007fefd130000 - 0x000007fefd13b000 	C:\windows\system32\Secur32.dll
0x000007fefd160000 - 0x000007fefd185000 	C:\windows\system32\SSPICLI.DLL
0x000007fefb380000 - 0x000007fefb394000 	C:\windows\system32\samcli.dll
0x000007fefbad0000 - 0x000007fefbaed000 	C:\windows\system32\SAMLIB.dll
0x000007fef03e0000 - 0x000007fef0505000 	C:\windows\system32\dbghelp.dll

VM Arguments:
jvm_args: -Dfile.encoding=GBK 
java_command: shortcut.Test
Launcher Type: SUN_STANDARD

Environment Variables:
JAVA_HOME=D:\study soft\jdk
CLASSPATH=.;D:\study soft\jdk\lib\dt.jar;D:\study soft\jdk\lib\tools.jar;
PATH=C:\Program Files (x86)\NVIDIA Corporation\PhysX\Common;C:\Windows\system32;C:\Windows;C:\Windows\System32\Wbem;C:\Windows\System32\WindowsPowerShell\v1.0\;C:\Program Files (x86)\Windows7Master;C:\Program Files (x86)\Microsoft SQL Server\100\Tools\Binn\;C:\Program Files\Microsoft SQL Server\100\Tools\Binn\;C:\Program Files\Microsoft SQL Server\100\DTS\Binn\;D:\study soft\jdk\bin;D:\study soft\jdk\jre\bin;D:\study soft\matlab\runtime\win64;D:\study soft\matlab\bin;D:\study soft\matlab\polyspace\bin;D:\Dev-Cpp\MinGW64\bin;D:\study soft\Masm\bin;D:\study soft\nasm\;C:\Program Files\MySQL\MySQL Server 5.7\bin;F:\studysoft\Android\sdk\platform-tools
USERNAME=Administrator
OS=Windows_NT
PROCESSOR_IDENTIFIER=Intel64 Family 6 Model 58 Stepping 9, GenuineIntel



---------------  S Y S T E M  ---------------

OS: Windows 7 , 64 bit Build 7601 Service Pack 1

CPU:total 2 (2 cores per cpu, 1 threads per core) family 6 model 58 stepping 9, cmov, cx8, fxsr, mmx, sse, sse2, sse3, ssse3, sse4.1, sse4.2, popcnt, erms, tsc, tscinvbit, tscinv

Memory: 4k page, physical 4060852k(594560k free), swap 5537600k(1109508k free)

vm_info: Java HotSpot(TM) 64-Bit Server VM (24.79-b02) for windows-amd64 JRE (1.7.0_79-b15), built on Apr 10 2015 12:36:16 by "java_re" with unknown MS VC++:1600

time: Sun Jun 12 18:56:25 2016
elapsed time: 22 seconds

